
> ui-components@1.0.0 build-storybook
> storybook build --output-dir=C:\Users\Dell\AppData\Local\Temp\chromatic--10988-uXkqomcbliRa

[1m@storybook/core v8.6.14
[22m
info => Cleaning outputDir: [36m..\..\AppData\Local\Temp\chromatic--10988-uXkqomcbliRa[39m
info => Loading presets
info => Building manager..
info => Manager built ([38;2;181;126;229m625 ms[39m)
info => Building preview..
info Using tsconfig paths for react-docgen
[36mvite v5.4.19 [32mbuilding for production...[36m[39m
transforming...
[32m✓[39m 108 modules transformed.
rendering chunks...
computing gzip size...
[2m../../AppData/Local/Temp/chromatic--10988-uXkqomcbliRa/[22m[32miframe.html                               [39m[1m[2m 17.57 kB[22m[1m[22m[2m │ gzip:   4.97 kB[22m
[2m../../AppData/Local/Temp/chromatic--10988-uXkqomcbliRa/[22m[35massets/preview-B5SwIryC.css               [39m[1m[2m  5.17 kB[22m[1m[22m[2m │ gzip:   1.52 kB[22m
[2m../../AppData/Local/Temp/chromatic--10988-uXkqomcbliRa/[22m[36massets/cn-2dOUpm6k.js                     [39m[1m[2m  0.07 kB[22m[1m[22m[2m │ gzip:   0.09 kB[22m
[2m../../AppData/Local/Temp/chromatic--10988-uXkqomcbliRa/[22m[36massets/preview-Pirye56O.js                [39m[1m[2m  0.15 kB[22m[1m[22m[2m │ gzip:   0.15 kB[22m
[2m../../AppData/Local/Temp/chromatic--10988-uXkqomcbliRa/[22m[36massets/preview-NEoZ8N1F.js                [39m[1m[2m  0.16 kB[22m[1m[22m[2m │ gzip:   0.16 kB[22m
[2m../../AppData/Local/Temp/chromatic--10988-uXkqomcbliRa/[22m[36massets/preview-CvbIS5ZJ.js                [39m[1m[2m  0.18 kB[22m[1m[22m[2m │ gzip:   0.16 kB[22m
[2m../../AppData/Local/Temp/chromatic--10988-uXkqomcbliRa/[22m[36massets/index-BVLMb_CH.js                  [39m[1m[2m  0.42 kB[22m[1m[22m[2m │ gzip:   0.27 kB[22m
[2m../../AppData/Local/Temp/chromatic--10988-uXkqomcbliRa/[22m[36massets/chunk-XP5HYGXS-BpfKkqn7.js         [39m[1m[2m  0.71 kB[22m[1m[22m[2m │ gzip:   0.40 kB[22m
[2m../../AppData/Local/Temp/chromatic--10988-uXkqomcbliRa/[22m[36massets/preview-DGUiP6tS.js                [39m[1m[2m  0.71 kB[22m[1m[22m[2m │ gzip:   0.50 kB[22m
[2m../../AppData/Local/Temp/chromatic--10988-uXkqomcbliRa/[22m[36massets/index-DrFu-skq.js                  [39m[1m[2m  0.77 kB[22m[1m[22m[2m │ gzip:   0.47 kB[22m
[2m../../AppData/Local/Temp/chromatic--10988-uXkqomcbliRa/[22m[36massets/react-18-CFJcUQFG.js               [39m[1m[2m  0.80 kB[22m[1m[22m[2m │ gzip:   0.47 kB[22m
[2m../../AppData/Local/Temp/chromatic--10988-uXkqomcbliRa/[22m[36massets/preview-BZXMCPkg.js                [39m[1m[2m  0.89 kB[22m[1m[22m[2m │ gzip:   0.57 kB[22m
[2m../../AppData/Local/Temp/chromatic--10988-uXkqomcbliRa/[22m[36massets/jsx-runtime-CDt2p4po.js            [39m[1m[2m  0.92 kB[22m[1m[22m[2m │ gzip:   0.58 kB[22m
[2m../../AppData/Local/Temp/chromatic--10988-uXkqomcbliRa/[22m[36massets/preview-DD_OYowb.js                [39m[1m[2m  3.51 kB[22m[1m[22m[2m │ gzip:   1.69 kB[22m
[2m../../AppData/Local/Temp/chromatic--10988-uXkqomcbliRa/[22m[36massets/preview-B8lJiyuQ.js                [39m[1m[2m  5.06 kB[22m[1m[22m[2m │ gzip:   1.88 kB[22m
[2m../../AppData/Local/Temp/chromatic--10988-uXkqomcbliRa/[22m[36massets/DataTable.stories-f0Zcmp8W.js      [39m[1m[2m  5.20 kB[22m[1m[22m[2m │ gzip:   1.94 kB[22m
[2m../../AppData/Local/Temp/chromatic--10988-uXkqomcbliRa/[22m[36massets/index-GiUgBvb1.js                  [39m[1m[2m  7.35 kB[22m[1m[22m[2m │ gzip:   2.96 kB[22m
[2m../../AppData/Local/Temp/chromatic--10988-uXkqomcbliRa/[22m[36massets/preview-BWzBA1C2.js                [39m[1m[2m  7.62 kB[22m[1m[22m[2m │ gzip:   1.56 kB[22m
[2m../../AppData/Local/Temp/chromatic--10988-uXkqomcbliRa/[22m[36massets/preview-BBWR9nbA.js                [39m[1m[2m  8.12 kB[22m[1m[22m[2m │ gzip:   3.10 kB[22m
[2m../../AppData/Local/Temp/chromatic--10988-uXkqomcbliRa/[22m[36massets/InputField.stories-Bl9kRKqk.js     [39m[1m[2m  8.82 kB[22m[1m[22m[2m │ gzip:   2.77 kB[22m
[2m../../AppData/Local/Temp/chromatic--10988-uXkqomcbliRa/[22m[36massets/test-utils-4o4gapqX.js             [39m[1m[2m 12.94 kB[22m[1m[22m[2m │ gzip:   5.03 kB[22m
[2m../../AppData/Local/Temp/chromatic--10988-uXkqomcbliRa/[22m[36massets/Color-YHDXOIA2-N7w-oghb.js         [39m[1m[2m 29.34 kB[22m[1m[22m[2m │ gzip:  11.05 kB[22m
[2m../../AppData/Local/Temp/chromatic--10988-uXkqomcbliRa/[22m[36massets/entry-preview-BLbIGE0c.js          [39m[1m[2m 29.76 kB[22m[1m[22m[2m │ gzip:   9.52 kB[22m
[2m../../AppData/Local/Temp/chromatic--10988-uXkqomcbliRa/[22m[36massets/index-WwbkVOJN.js                  [39m[1m[2m 57.14 kB[22m[1m[22m[2m │ gzip:  16.28 kB[22m
[2m../../AppData/Local/Temp/chromatic--10988-uXkqomcbliRa/[22m[36massets/index-CROobee-.js                  [39m[1m[2m133.96 kB[22m[1m[22m[2m │ gzip:  43.14 kB[22m
[2m../../AppData/Local/Temp/chromatic--10988-uXkqomcbliRa/[22m[36massets/iframe-n1Cs_zzy.js                 [39m[1m[2m208.03 kB[22m[1m[22m[2m │ gzip:  71.70 kB[22m
[2m../../AppData/Local/Temp/chromatic--10988-uXkqomcbliRa/[22m[36massets/entry-preview-docs-BmaX6uJ0.js     [39m[1m[2m244.67 kB[22m[1m[22m[2m │ gzip:  73.42 kB[22m
[2m../../AppData/Local/Temp/chromatic--10988-uXkqomcbliRa/[22m[36massets/index-DqxVLU6x.js                  [39m[1m[33m662.08 kB[39m[22m[2m │ gzip: 156.67 kB[22m
[2m../../AppData/Local/Temp/chromatic--10988-uXkqomcbliRa/[22m[36massets/DocsRenderer-CFRXHY34-CM7H4mv4.js  [39m[1m[33m889.45 kB[39m[22m[2m │ gzip: 275.89 kB[22m
[32m✓ built in 14.29s[39m
info => Preview built ([38;2;181;126;229m17 s[39m)
